--- Feature Retrieval Log ---
Test gestartet am: 2025-08-27T10:28:04.711Z

[1/35] --------------------------------------------------
▶️  Teste Layer: "Landstraßen/L Beschr." (INSPIRE)
   Layer Name (tech): lyr:lsa_lbbau_l_lbl_feature
   Stream URL: https://www.geodatenportal.sachsen-anhalt.de/gfds/ws/wfs/a78d7bc1-ffbb-cf76/GDI-LSA_LSBB_STRASSENNETZE/ows.wfs
   Request URL: https://www.geodatenportal.sachsen-anhalt.de/gfds/ws/wfs/a78d7bc1-ffbb-cf76/GDI-LSA_LSBB_STRASSENNETZE/ows.wfs?service=WFS&request=GetFeature&version=2.0.0&typeNames=lyr%3Alsa_lbbau_l_lbl_feature&count=10&outputFormat=text%2Fxml%3B+subtype%3Dgml%2F3.2.1
   ✅ ERFOLG: Gültiges GML-Format erkannt.
[2/35] --------------------------------------------------
▶️  Teste Layer: "Siedlungen_SIE04_F" (Standard)
   Layer Name (tech): vermkv:Siedlungen_SIE04_F
   Stream URL: https://geo5.service24.rlp.de/wfs/basisdlm_shape_rp.fcgi
   Request URL: https://geo5.service24.rlp.de/wfs/basisdlm_shape_rp.fcgi?service=WFS&request=GetFeature&version=2.0.0&typeNames=vermkv%3ASiedlungen_SIE04_F&count=10&outputFormat=application%2Fjson%3B+subtype%3Dgeojson
   ✅ ERFOLG: Gültiges GeoJSON mit 10 Features.
[3/35] --------------------------------------------------
▶️  Teste Layer: "Verbindungspunkte" (INSPIRE)
   Layer Name (tech): ms:Verbindungspunkte
   Stream URL: http://www.wfs.nrw.de/wfs/DE_NW_SBV_INSPIRE_Downloadservice_Strassennetz
   Request URL: http://www.wfs.nrw.de/wfs/DE_NW_SBV_INSPIRE_Downloadservice_Strassennetz?service=WFS&request=GetFeature&version=2.0.0&typeNames=ms%3AVerbindungspunkte&count=10&outputFormat=text%2Fxml%3B+subtype%3Dgml%2F3.2.1
   ✅ ERFOLG: Gültiges GML-Format erkannt.
